
/home/runner/work/exp-non-determinstic-finite-automaton-iiith/exp-non-determinstic-finite-automaton-iiith/experiment/simulation/js/data.js
    6:7  warning  'nfa1' is assigned a value but never used  no-unused-vars
   41:7  warning  'nfa2' is assigned a value but never used  no-unused-vars
   75:7  warning  'nfa3' is assigned a value but never used  no-unused-vars
  109:7  warning  'nfa4' is assigned a value but never used  no-unused-vars
  140:7  warning  'nfa5' is assigned a value but never used  no-unused-vars

/home/runner/work/exp-non-determinstic-finite-automaton-iiith/exp-non-determinstic-finite-automaton-iiith/experiment/simulation/js/helper.js
   14:10  warning  'newElement' is defined but never used     no-unused-vars
   22:10  warning  'clearElem' is defined but never used      no-unused-vars
   71:10  warning  'displayCanvas' is defined but never used  no-unused-vars
  103:10  warning  'width' is not defined                     no-undef
  103:31  warning  'width' is not defined                     no-undef
  104:10  warning  'height' is not defined                    no-undef
  122:24  warning  'radius' is not defined                    no-undef
  126:24  warning  'radius' is not defined                    no-undef
  142:15  warning  'radius' is not defined                    no-undef
  157:13  warning  'radius' is not defined                    no-undef
  199:20  warning  'radius' is not defined                    no-undef
  213:34  warning  'radius' is not defined                    no-undef
  223:34  warning  'radius' is not defined                    no-undef
  233:37  warning  'radius' is not defined                    no-undef

/home/runner/work/exp-non-determinstic-finite-automaton-iiith/exp-non-determinstic-finite-automaton-iiith/experiment/simulation/js/main.js
    6:1   warning  'width' is not defined                        no-undef
    7:1   warning  'height' is not defined                       no-undef
    8:1   warning  'radius' is not defined                       no-undef
   10:1   warning  'nfa' is not defined                          no-undef
   10:8   warning  'nfa1' is not defined                         no-undef
   10:14  warning  'nfa2' is not defined                         no-undef
   10:20  warning  'nfa3' is not defined                         no-undef
   10:26  warning  'nfa4' is not defined                         no-undef
   10:32  warning  'nfa5' is not defined                         no-undef
   11:1   warning  'nfaIndex' is not defined                     no-undef
   13:1   warning  'inputIndex' is not defined                   no-undef
   14:1   warning  'inputPointer' is not defined                 no-undef
   16:1   warning  'nodes' is not defined                        no-undef
   17:1   warning  'edges' is not defined                        no-undef
   19:1   warning  'path_state' is not defined                   no-undef
   22:3   warning  'clearElem' is not defined                    no-undef
   22:13  warning  'canvas' is not defined                       no-undef
   24:3   warning  'curr' is not defined                         no-undef
   25:6   warning  'inputPointer' is not defined                 no-undef
   26:8   warning  'path_state' is not defined                   no-undef
   27:7   warning  'curr' is not defined                         no-undef
   27:14  warning  'nfa' is not defined                          no-undef
   27:18  warning  'nfaIndex' is not defined                     no-undef
   27:37  warning  'inputIndex' is not defined                   no-undef
   27:59  warning  'inputPointer' is not defined                 no-undef
   29:7   warning  'curr' is not defined                         no-undef
   29:14  warning  'nfa' is not defined                          no-undef
   29:18  warning  'nfaIndex' is not defined                     no-undef
   29:37  warning  'inputIndex' is not defined                   no-undef
   29:64  warning  'inputPointer' is not defined                 no-undef
   33:3   warning  'NFADescriptionContainer' is not defined      no-undef
   34:3   warning  'clearElem' is not defined                    no-undef
   34:13  warning  'NFADescriptionContainer' is not defined      no-undef
   35:3   warning  'span' is not defined                         no-undef
   35:10  warning  'newElement' is not defined                   no-undef
   36:3   warning  'text' is not defined                         no-undef
   36:34  warning  'nfa' is not defined                          no-undef
   36:38  warning  'nfaIndex' is not defined                     no-undef
   37:3   warning  'NFADescriptionContainer' is not defined      no-undef
   37:39  warning  'span' is not defined                         no-undef
   38:3   warning  'span' is not defined                         no-undef
   38:20  warning  'text' is not defined                         no-undef
   41:3   warning  'res' is not defined                          no-undef
   41:9   warning  'displayCanvas' is not defined                no-undef
   41:23  warning  'canvas' is not defined                       no-undef
   41:31  warning  'nfa' is not defined                          no-undef
   41:35  warning  'nfaIndex' is not defined                     no-undef
   41:46  warning  'inputPointer' is not defined                 no-undef
   41:60  warning  'curr' is not defined                         no-undef
   43:3   warning  'nodes' is not defined                        no-undef
   43:11  warning  'res' is not defined                          no-undef
   44:3   warning  'edges' is not defined                        no-undef
   44:11  warning  'res' is not defined                          no-undef
   48:3   warning  'inputIndex' is not defined                   no-undef
   49:3   warning  'inputPointer' is not defined                 no-undef
   55:3   warning  'inputContainer' is not defined               no-undef
   56:3   warning  'clearElem' is not defined                    no-undef
   56:13  warning  'inputContainer' is not defined               no-undef
   57:17  warning  'nfa' is not defined                          no-undef
   57:21  warning  'nfaIndex' is not defined                     no-undef
   57:40  warning  'inputIndex' is not defined                   no-undef
   58:5   warning  'textColor' is not defined                    no-undef
   59:8   warning  'inputPointer' is not defined                 no-undef
   60:7   warning  'textColor' is not defined                    no-undef
   62:5   warning  'span' is not defined                         no-undef
   62:12  warning  'newElement' is not defined                   no-undef
   62:61  warning  'textColor' is not defined                    no-undef
   63:5   warning  'text' is not defined                         no-undef
   63:36  warning  'nfa' is not defined                          no-undef
   63:40  warning  'nfaIndex' is not defined                     no-undef
   63:59  warning  'inputIndex' is not defined                   no-undef
   64:5   warning  'span' is not defined                         no-undef
   64:22  warning  'text' is not defined                         no-undef
   65:5   warning  'inputContainer' is not defined               no-undef
   65:32  warning  'span' is not defined                         no-undef
   70:3   warning  'stack' is not defined                        no-undef
   71:3   warning  'clearElem' is not defined                    no-undef
   71:13  warning  'stack' is not defined                        no-undef
   77:3   warning  'stack' is not defined                        no-undef
   80:3   warning  'listElem' is not defined                     no-undef
   80:14  warning  'newElement' is not defined                   no-undef
   81:3   warning  'textNode' is not defined                     no-undef
   82:3   warning  'listElem' is not defined                     no-undef
   82:24  warning  'textNode' is not defined                     no-undef
   85:7   warning  'stack' is not defined                        no-undef
   86:5   warning  'stack' is not defined                        no-undef
   87:5   warning  'stack' is not defined                        no-undef
   87:24  warning  'listElem' is not defined                     no-undef
   87:34  warning  'stack' is not defined                        no-undef
   89:5   warning  'stack' is not defined                        no-undef
   89:23  warning  'listElem' is not defined                     no-undef
   92:3   warning  'stack' is not defined                        no-undef
   96:3   warning  'stack' is not defined                        no-undef
   97:6   warning  'stack' is not defined                        no-undef
   98:5   warning  'stack' is not defined                        no-undef
   98:23  warning  'stack' is not defined                        no-undef
   99:8   warning  'stack' is not defined                        no-undef
  100:7   warning  'stack' is not defined                        no-undef
  105:42  warning  'e' is defined but never used                 no-unused-vars
  106:3   warning  'canvas' is not defined                       no-undef
  113:3   warning  'changeNFA' is not defined                    no-undef
  114:3   warning  'changeNFA' is not defined                    no-undef
  114:48  warning  'e' is defined but never used                 no-unused-vars
  115:5   warning  'clearElem' is not defined                    no-undef
  115:15  warning  'canvas' is not defined                       no-undef
  116:5   warning  'nfaIndex' is not defined                     no-undef
  116:16  warning  'nfaIndex' is not defined                     no-undef
  117:8   warning  'nfaIndex' is not defined                     no-undef
  117:20  warning  'nfa' is not defined                          no-undef
  118:7   warning  'nfaIndex' is not defined                     no-undef
  126:3   warning  'changeInput' is not defined                  no-undef
  127:3   warning  'changeInput' is not defined                  no-undef
  127:50  warning  'e' is defined but never used                 no-unused-vars
  128:5   warning  'inputIndex' is not defined                   no-undef
  128:18  warning  'inputIndex' is not defined                   no-undef
  129:8   warning  'inputIndex' is not defined                   no-undef
  129:22  warning  'nfa' is not defined                          no-undef
  129:26  warning  'nfaIndex' is not defined                     no-undef
  130:7   warning  'inputIndex' is not defined                   no-undef
  132:5   warning  'inputPointer' is not defined                 no-undef
  139:3   warning  'next' is not defined                         no-undef
  140:3   warning  'next' is not defined                         no-undef
  140:43  warning  'e' is defined but never used                 no-unused-vars
  141:8   warning  'inputPointer' is not defined                 no-undef
  141:24  warning  'nfa' is not defined                          no-undef
  141:28  warning  'nfaIndex' is not defined                     no-undef
  141:47  warning  'inputIndex' is not defined                   no-undef
  142:7   warning  'inputPointer' is not defined                 no-undef
  142:22  warning  'inputPointer' is not defined                 no-undef
  145:7   warning  'str' is not defined                          no-undef
  146:10  warning  'inputPointer' is not defined                 no-undef
  147:9   warning  'str' is not defined                          no-undef
  147:34  warning  'nfa' is not defined                          no-undef
  147:38  warning  'nfaIndex' is not defined                     no-undef
  147:57  warning  'inputIndex' is not defined                   no-undef
  147:79  warning  'inputPointer' is not defined                 no-undef
  148:12  warning  'path_state' is not defined                   no-undef
  149:11  warning  'str' is not defined                          no-undef
  149:43  warning  'nfa' is not defined                          no-undef
  149:47  warning  'nfaIndex' is not defined                     no-undef
  149:66  warning  'inputIndex' is not defined                   no-undef
  149:88  warning  'inputPointer' is not defined                 no-undef
  150:11  warning  'str' is not defined                          no-undef
  150:31  warning  'nfa' is not defined                          no-undef
  150:35  warning  'nfaIndex' is not defined                     no-undef
  150:54  warning  'inputIndex' is not defined                   no-undef
  150:76  warning  'inputPointer' is not defined                 no-undef
  152:11  warning  'str' is not defined                          no-undef
  152:43  warning  'nfa' is not defined                          no-undef
  152:47  warning  'nfaIndex' is not defined                     no-undef
  152:66  warning  'inputIndex' is not defined                   no-undef
  152:93  warning  'inputPointer' is not defined                 no-undef
  153:11  warning  'str' is not defined                          no-undef
  153:31  warning  'nfa' is not defined                          no-undef
  153:35  warning  'nfaIndex' is not defined                     no-undef
  153:54  warning  'inputIndex' is not defined                   no-undef
  153:81  warning  'inputPointer' is not defined                 no-undef
  156:10  warning  'inputPointer' is not defined                 no-undef
  157:9   warning  'str' is not defined                          no-undef
  160:18  warning  'str' is not defined                          no-undef
  163:10  warning  'inputPointer' is not defined                 no-undef
  163:24  warning  'nfa' is not defined                          no-undef
  163:28  warning  'nfaIndex' is not defined                     no-undef
  163:47  warning  'inputIndex' is not defined                   no-undef
  165:9   warning  'computationStatus' is not defined            no-undef
  167:13  warning  'itr' is not defined                          no-undef
  167:19  warning  'itr' is not defined                          no-undef
  167:23  warning  'nfa' is not defined                          no-undef
  167:27  warning  'nfaIndex' is not defined                     no-undef
  167:58  warning  'itr' is not defined                          no-undef
  168:14  warning  'nfa' is not defined                          no-undef
  168:18  warning  'nfaIndex' is not defined                     no-undef
  168:40  warning  'itr' is not defined                          no-undef
  168:56  warning  'curr' is not defined                         no-undef
  169:16  warning  'nfa' is not defined                          no-undef
  169:20  warning  'nfaIndex' is not defined                     no-undef
  169:42  warning  'itr' is not defined                          no-undef
  170:15  warning  'computationStatus' is not defined            no-undef
  175:9   warning  'swal' is not defined                         no-undef
  175:34  warning  'computationStatus' is not defined            no-undef
  181:3   warning  'prev' is not defined                         no-undef
  182:3   warning  'prev' is not defined                         no-undef
  182:43  warning  'e' is defined but never used                 no-unused-vars
  183:8   warning  'inputPointer' is not defined                 no-undef
  184:7   warning  'inputPointer' is not defined                 no-undef
  184:22  warning  'inputPointer' is not defined                 no-undef
  192:3   warning  'path_switch' is not defined                  no-undef
  193:3   warning  'path_switch' is not defined                  no-undef
  193:51  warning  'e' is defined but never used                 no-unused-vars
  194:8   warning  'path_state' is not defined                   no-undef
  195:7   warning  'path_state' is not defined                   no-undef
  197:7   warning  'path_state' is not defined                   no-undef
  199:5   warning  'inputPointer' is not defined                 no-undef
  205:3   warning  'controlContainerDisplay' is not defined      no-undef
  206:3   warning  'instructionContainerDisplay' is not defined  no-undef
  207:3   warning  'traceContainerDisplay' is not defined        no-undef
  209:3   warning  'controlsToggle' is not defined               no-undef
  210:3   warning  'controlsToggle' is not defined               no-undef
  210:53  warning  'e' is defined but never used                 no-unused-vars
  212:5   warning  'controlContainer' is not defined             no-undef
  214:8   warning  'controlContainerDisplay' is not defined      no-undef
  215:7   warning  'controlContainer' is not defined             no-undef
  216:7   warning  'controlContainer' is not defined             no-undef
  217:7   warning  'controlContainerDisplay' is not defined      no-undef
  219:7   warning  'controlContainer' is not defined             no-undef
  220:7   warning  'controlContainer' is not defined             no-undef
  221:7   warning  'controlContainerDisplay' is not defined      no-undef
  226:3   warning  'instructionToggle' is not defined            no-undef
  227:3   warning  'instructionToggle' is not defined            no-undef
  227:56  warning  'e' is defined but never used                 no-unused-vars
  229:5   warning  'instructionContainer' is not defined         no-undef
  231:8   warning  'instructionContainerDisplay' is not defined  no-undef
  232:7   warning  'instructionContainer' is not defined         no-undef
  233:7   warning  'instructionContainer' is not defined         no-undef
  234:7   warning  'instructionContainerDisplay' is not defined  no-undef
  236:7   warning  'instructionContainer' is not defined         no-undef
  237:7   warning  'instructionContainer' is not defined         no-undef
  238:7   warning  'instructionContainerDisplay' is not defined  no-undef
  243:3   warning  'traceToggle' is not defined                  no-undef
  244:3   warning  'traceToggle' is not defined                  no-undef
  244:50  warning  'e' is defined but never used                 no-unused-vars
  246:5   warning  'traceContainer' is not defined               no-undef
  248:8   warning  'traceContainerDisplay' is not defined        no-undef
  249:7   warning  'traceContainer' is not defined               no-undef
  250:7   warning  'traceContainer' is not defined               no-undef
  251:7   warning  'traceContainerDisplay' is not defined        no-undef
  253:7   warning  'traceContainer' is not defined               no-undef
  254:7   warning  'traceContainer' is not defined               no-undef
  255:7   warning  'traceContainerDisplay' is not defined        no-undef

✖ 248 problems (0 errors, 248 warnings)

